<?xml version="1.0" encoding="UTF-8"?>
<testsuite name="demo.base.BaseDemoTest" tests="3" skipped="0" failures="0" errors="0" timestamp="2022-11-23T06:57:38" hostname="LEUNGPO-2-W11" time="0.01">
  <properties/>
  <testcase name="given_2_positive_int_should_return_sum_of_value()" classname="demo.base.BaseDemoTest" time="0.007"/>
  <testcase name="should_return_hello_world()" classname="demo.base.BaseDemoTest" time="0.001"/>
  <testcase name="given_2_negative_int_should_return_sum_of_negative_value()" classname="demo.base.BaseDemoTest" time="0.001"/>
  <system-out><![CDATA[]]></system-out>
  <system-err><![CDATA[]]></system-err>
</testsuite>
