<?xml version="1.0" encoding="UTF-8"?>
<testsuite name="demo.base.BaseDemoTest" tests="2" skipped="0" failures="0" errors="0" timestamp="2022-11-23T06:47:13" hostname="LEUNGPO-2-W11" time="0.009">
  <properties/>
  <testcase name="should_return_hello_world()" classname="demo.base.BaseDemoTest" time="0.008"/>
  <testcase name="should_return_sum_of_value()" classname="demo.base.BaseDemoTest" time="0.0"/>
  <system-out><![CDATA[]]></system-out>
  <system-err><![CDATA[]]></system-err>
</testsuite>
